GameController.obj : error LNK2019: unresolved external symbol __imp_glutInitWindowPosition referenced in function "public: void __cdecl GameController::run(int,char * * const,class GameWorld *,class std::basic_string<char,struct std::char_traits<char>,class std::allocator<char> >)" (?run@GameController@@QEAAXHQEAPEADPEAVGameWorld@@V?$basic_string@DU?$char_traits@D@std@@V?$allocator@D@2@@std@@@Z)
GameController.obj : error LNK2019: unresolved external symbol __imp_glutInitWindowSize referenced in function "public: void __cdecl GameController::run(int,char * * const,class GameWorld *,class std::basic_string<char,struct std::char_traits<char>,class std::allocator<char> >)" (?run@GameController@@QEAAXHQEAPEADPEAVGameWorld@@V?$basic_string@DU?$char_traits@D@std@@V?$allocator@D@2@@std@@@Z)
GameController.obj : error LNK2019: unresolved external symbol __imp_glutInitDisplayMode referenced in function "public: void __cdecl GameController::run(int,char * * const,class GameWorld *,class std::basic_string<char,struct std::char_traits<char>,class std::allocator<char> >)" (?run@GameController@@QEAAXHQEAPEADPEAVGameWorld@@V?$basic_string@DU?$char_traits@D@std@@V?$allocator@D@2@@std@@@Z)
GameController.obj : error LNK2019: unresolved external symbol __imp_glutMainLoop referenced in function "public: void __cdecl GameController::run(int,char * * const,class GameWorld *,class std::basic_string<char,struct std::char_traits<char>,class std::allocator<char> >)" (?run@GameController@@QEAAXHQEAPEADPEAVGameWorld@@V?$basic_string@DU?$char_traits@D@std@@V?$allocator@D@2@@std@@@Z)
GameController.obj : error LNK2019: unresolved external symbol __imp_glutSwapBuffers referenced in function "private: void __cdecl GameController::displayGamePlay(void)" (?displayGamePlay@GameController@@AEAAXXZ)
GameController.obj : error LNK2019: unresolved external symbol __imp_glutTimerFunc referenced in function "public: void __cdecl GameController::run(int,char * * const,class GameWorld *,class std::basic_string<char,struct std::char_traits<char>,class std::allocator<char> >)" (?run@GameController@@QEAAXHQEAPEADPEAVGameWorld@@V?$basic_string@DU?$char_traits@D@std@@V?$allocator@D@2@@std@@@Z)
GameController.obj : error LNK2019: unresolved external symbol __imp_glutKeyboardFunc referenced in function "public: void __cdecl GameController::run(int,char * * const,class GameWorld *,class std::basic_string<char,struct std::char_traits<char>,class std::allocator<char> >)" (?run@GameController@@QEAAXHQEAPEADPEAVGameWorld@@V?$basic_string@DU?$char_traits@D@std@@V?$allocator@D@2@@std@@@Z)
GameController.obj : error LNK2019: unresolved external symbol __imp_glutSpecialFunc referenced in function "public: void __cdecl GameController::run(int,char * * const,class GameWorld *,class std::basic_string<char,struct std::char_traits<char>,class std::allocator<char> >)" (?run@GameController@@QEAAXHQEAPEADPEAVGameWorld@@V?$basic_string@DU?$char_traits@D@std@@V?$allocator@D@2@@std@@@Z)
GameController.obj : error LNK2019: unresolved external symbol __imp_glutReshapeFunc referenced in function "public: void __cdecl GameController::run(int,char * * const,class GameWorld *,class std::basic_string<char,struct std::char_traits<char>,class std::allocator<char> >)" (?run@GameController@@QEAAXHQEAPEADPEAVGameWorld@@V?$basic_string@DU?$char_traits@D@std@@V?$allocator@D@2@@std@@@Z)
GameController.obj : error LNK2019: unresolved external symbol __imp_glutDisplayFunc referenced in function "public: void __cdecl GameController::run(int,char * * const,class GameWorld *,class std::basic_string<char,struct std::char_traits<char>,class std::allocator<char> >)" (?run@GameController@@QEAAXHQEAPEADPEAVGameWorld@@V?$basic_string@DU?$char_traits@D@std@@V?$allocator@D@2@@std@@@Z)
GameController.obj : error LNK2019: unresolved external symbol __imp_glutStrokeCharacter referenced in function "void __cdecl doOutputStroke(double,double,double,double,char const *,bool)" (?doOutputStroke@@YAXNNNNPEBD_N@Z)
GameController.obj : error LNK2019: unresolved external symbol __imp_glutStrokeLength referenced in function "void __cdecl doOutputStroke(double,double,double,double,char const *,bool)" (?doOutputStroke@@YAXNNNNPEBD_N@Z)
GameController.obj : error LNK2019: unresolved external symbol __imp___glutInitWithExit referenced in function glutInit_ATEXIT_HACK
GameController.obj : error LNK2019: unresolved external symbol __imp___glutCreateWindowWithExit referenced in function glutCreateWindow_ATEXIT_HACK
GameController.obj : error LNK2019: unresolved external symbol __imp_glutLeaveMainLoop referenced in function "public: void __cdecl GameController::doSomething(void)" (?doSomething@GameController@@QEAAXXZ)
GameController.obj : error LNK2019: unresolved external symbol __imp_glutSetOption referenced in function "public: void __cdecl GameController::run(int,char * * const,class GameWorld *,class std::basic_string<char,struct std::char_traits<char>,class std::allocator<char> >)" (?run@GameController@@QEAAXHQEAPEADPEAVGameWorld@@V?$basic_string@DU?$char_traits@D@std@@V?$allocator@D@2@@std@@@Z)
GameController.obj : error LNK2019: unresolved external symbol "__declspec(dllimport) class irrklang::ISoundEngine * __cdecl irrklang::createIrrKlangDevice(enum irrklang::E_SOUND_OUTPUT_DRIVER,int,char const *,char const *)" (__imp_?createIrrKlangDevice@irrklang@@YAPEAVISoundEngine@1@W4E_SOUND_OUTPUT_DRIVER@1@HPEBD1@Z) referenced in function "private: __cdecl SoundFXController::SoundFXController(void)" (??0SoundFXController@@AEAA@XZ)
main.obj : error LNK2019: unresolved external symbol "class GameWorld * __cdecl createStudentWorld(class std::basic_string<char,struct std::char_traits<char>,class std::allocator<char> >)" (?createStudentWorld@@YAPEAVGameWorld@@V?$basic_string@DU?$char_traits@D@std@@V?$allocator@D@2@@std@@@Z) referenced in function main
    Hint on symbols that are defined and could potentially match:
      "class GameWorld * __cdecl createStudentWorld(class std::basic_string<char,struct std::char_traits<char>,class std::allocator<char> >,class TunnelMan *)" (?createStudentWorld@@YAPEAVGameWorld@@V?$basic_string@DU?$char_traits@D@std@@V?$allocator@D@2@@std@@PEAVTunnelMan@@@Z)
freeglut.lib : warning LNK4272: library machine type 'x86' conflicts with target machine type 'x64'
irrKlang.lib : warning LNK4272: library machine type 'x86' conflicts with target machine type 'x64'
C:\Users\aduro\Desktop\Coding\CS30 Advanced C++\Project 3\TunnelMan\x64\Debug\TunnelMan.exe : fatal error LNK1120: 18 unresolved externals
